2014-06-06 19:06:38,526 [10] INFO   
GetETFs is fetching uri: 
http://finance.yahoo.com/etf/lists/?mod_id=mediaquotesetf&tab=tab6&scol=nasset&stype=desc&rcnt=100&page=9

2014-06-06 19:06:41,298 [10] INFO   
GetETFs is fetching uri: 
http://finance.yahoo.com/etf/lists/?mod_id=mediaquotesetf&tab=tab6&scol=nasset&stype=desc&rcnt=100&page=10

2014-06-06 19:07:53,210 [10] INFO   
GetETFs is fetching uri: 
http://finance.yahoo.com/etf/lists/?mod_id=mediaquotesetf&tab=tab6&scol=nasset&stype=desc&rcnt=100&page=11

2014-06-06 19:07:59,464 [10] INFO   
GetETFs is fetching uri: 
http://finance.yahoo.com/etf/lists/?mod_id=mediaquotesetf&tab=tab6&scol=nasset&stype=desc&rcnt=100&page=12

2014-06-06 19:08:01,808 [10] INFO   
GetETFs is fetching uri: 
http://finance.yahoo.com/etf/lists/?mod_id=mediaquotesetf&tab=tab6&scol=nasset&stype=desc&rcnt=100&page=13

2014-06-06 19:08:03,617 [10] INFO   
GetETFs is fetching uri: 
http://finance.yahoo.com/etf/lists/?mod_id=mediaquotesetf&tab=tab6&scol=nasset&stype=desc&rcnt=100&page=14

2014-06-06 19:08:08,039 [10] INFO   
GetETFs is fetching uri: 
http://finance.yahoo.com/etf/lists/?mod_id=mediaquotesetf&tab=tab6&scol=nasset&stype=desc&rcnt=100&page=15

2014-06-06 19:08:09,499 [10] INFO   
GetEtfList has completed. 1410 Items returned. 

2014-06-06 19:08:13,352 [10] INFO   
Data collecting complete...

2014-06-06 19:08:13,354 [10] INFO   
Main's done'...

2014-06-06 19:08:13,355 [10] INFO   
********************************************************************************

