2014-05-19 14:52:50,550 [8] INFO   
Main's done'...

2014-05-19 14:52:50,565 [8] INFO   
********************************************************************************

2014-05-19 14:54:47,613 [9] INFO   
********************************************************************************

2014-05-19 14:54:47,645 [9] INFO   
Main's runnin'...

2014-05-19 14:54:47,654 [9] DEBUG  
write something here: I did something else...
2014-05-19 14:54:47,657 [9] ERROR  Unable to process ETFService.DoSomething
surveyId: 1
token: 123
Other Message!
2014-05-19 14:54:47,659 [9] INFO   
Main's done'...

2014-05-19 14:54:47,660 [9] INFO   
********************************************************************************

2014-05-19 16:18:09,698 [10] INFO   
********************************************************************************

2014-05-19 16:18:09,831 [10] INFO   
Main's runnin'...

2014-05-19 16:18:09,842 [10] DEBUG  
write something here: I did something else...
2014-05-19 16:18:09,847 [10] ERROR  Unable to process ETFService.DoSomething
surveyId: 1
token: 123
Other Message!
2014-05-19 16:18:09,849 [10] INFO   
Main's done'...

2014-05-19 16:18:09,850 [10] INFO   
********************************************************************************

2014-05-19 16:19:45,215 [9] INFO   
********************************************************************************

2014-05-19 16:19:45,251 [9] INFO   
Main's runnin'...

2014-05-19 16:19:45,260 [9] DEBUG  
write something here: I did something else...
2014-05-19 16:19:45,264 [9] ERROR  Unable to process ETFService.DoSomething
surveyId: 1
token: 123
Other Message!
2014-05-19 16:19:45,265 [9] INFO   
Main's done'...

2014-05-19 16:19:45,266 [9] INFO   
********************************************************************************

