2014-05-20 08:05:03,790 [9] INFO   
********************************************************************************

2014-05-20 08:05:03,898 [9] INFO   
Main's runnin'...

2014-05-20 08:05:03,908 [9] DEBUG  
write something here: I did something else...
2014-05-20 08:05:03,911 [9] ERROR  Unable to process ETFService.DoSomething
surveyId: 1
token: 123
Other Message!
2014-05-20 08:05:03,912 [9] INFO   
Main's done'...

2014-05-20 08:05:03,914 [9] INFO   
********************************************************************************

2014-05-20 08:15:51,962 [9] INFO   
********************************************************************************

2014-05-20 08:15:51,998 [9] INFO   
Main's runnin'...

2014-05-20 08:15:52,006 [9] DEBUG  
write something here: I did something...
2014-05-20 08:15:52,008 [9] ERROR  Unable to process ETFService.DoSomething
surveyId: 1
token: 123
Other Message!
2014-05-20 08:15:52,009 [9] INFO   
Main's done'...

2014-05-20 08:15:52,010 [9] INFO   
********************************************************************************

2014-05-20 08:39:37,465 [9] INFO   
********************************************************************************

2014-05-20 08:39:37,560 [9] INFO   
Main's runnin'...

2014-05-20 08:39:38,581 [9] INFO   
Main's done'...

2014-05-20 08:39:38,582 [9] INFO   
********************************************************************************

2014-05-20 08:55:16,014 [9] INFO   
********************************************************************************

2014-05-20 08:55:16,052 [9] INFO   
Main's runnin'...

2014-05-20 08:55:17,186 [9] INFO   
Main's done'...

2014-05-20 08:55:17,188 [9] INFO   
********************************************************************************

