2014-06-08 18:22:54,057 [10] INFO   
GetETFs is fetching uri: 
http://finance.yahoo.com/etf/lists/?mod_id=mediaquotesetf&tab=tab6&scol=nasset&stype=desc&rcnt=100&page=12

2014-06-08 18:23:02,001 [10] INFO   
GetETFs is fetching uri: 
http://finance.yahoo.com/etf/lists/?mod_id=mediaquotesetf&tab=tab6&scol=nasset&stype=desc&rcnt=100&page=13

2014-06-08 18:23:11,262 [10] INFO   
GetETFs is fetching uri: 
http://finance.yahoo.com/etf/lists/?mod_id=mediaquotesetf&tab=tab6&scol=nasset&stype=desc&rcnt=100&page=14

2014-06-08 18:23:14,671 [10] INFO   
GetETFs is fetching uri: 
http://finance.yahoo.com/etf/lists/?mod_id=mediaquotesetf&tab=tab6&scol=nasset&stype=desc&rcnt=100&page=15

2014-06-08 18:23:20,387 [10] INFO   
GetEtfList has completed. 1410 Items returned. 

2014-06-08 18:23:48,531 [10] INFO   
Data collecting complete...

2014-06-08 18:23:48,533 [10] INFO   
Main's done'...

2014-06-08 18:23:48,536 [10] INFO   
********************************************************************************

