2014-05-26 10:50:49,034 [9] INFO   
GetETFs is fetching uri: 
http://finance.yahoo.com/etf/lists/?mod_id=mediaquotesetf&tab=tab6&scol=nasset&stype=desc&rcnt=100&page=6

2014-05-26 10:50:50,005 [9] INFO   
GetETFs is fetching uri: 
http://finance.yahoo.com/etf/lists/?mod_id=mediaquotesetf&tab=tab6&scol=nasset&stype=desc&rcnt=100&page=7

2014-05-26 10:50:51,023 [9] INFO   
GetETFs is fetching uri: 
http://finance.yahoo.com/etf/lists/?mod_id=mediaquotesetf&tab=tab6&scol=nasset&stype=desc&rcnt=100&page=8

2014-05-26 10:50:52,466 [9] INFO   
GetETFs is fetching uri: 
http://finance.yahoo.com/etf/lists/?mod_id=mediaquotesetf&tab=tab6&scol=nasset&stype=desc&rcnt=100&page=9

2014-05-26 10:50:53,934 [9] INFO   
GetETFs is fetching uri: 
http://finance.yahoo.com/etf/lists/?mod_id=mediaquotesetf&tab=tab6&scol=nasset&stype=desc&rcnt=100&page=10

2014-05-26 10:50:54,975 [9] INFO   
GetETFs is fetching uri: 
http://finance.yahoo.com/etf/lists/?mod_id=mediaquotesetf&tab=tab6&scol=nasset&stype=desc&rcnt=100&page=11

2014-05-26 10:50:56,074 [9] INFO   
GetETFs is fetching uri: 
http://finance.yahoo.com/etf/lists/?mod_id=mediaquotesetf&tab=tab6&scol=nasset&stype=desc&rcnt=100&page=12

2014-05-26 10:50:57,152 [9] INFO   
GetEtfList has completed. 1156 Items returned. 

2014-05-26 10:50:57,154 [9] INFO   
Data collecting complete...

2014-05-26 10:50:57,155 [9] INFO   
Main's done'...

2014-05-26 10:50:57,156 [9] INFO   
********************************************************************************

