2014-06-09 19:24:42,802 [9] INFO   
GetETFs is fetching uri: 
http://finance.yahoo.com/etf/lists/?mod_id=mediaquotesetf&tab=tab5&scol=riskb&stype=desc&rcnt=100&page=9

2014-06-09 19:24:44,026 [9] INFO   
GetETFs is fetching uri: 
http://finance.yahoo.com/etf/lists/?mod_id=mediaquotesetf&tab=tab5&scol=riskb&stype=desc&rcnt=100&page=10

2014-06-09 19:24:45,069 [9] INFO   
GetETFs is fetching uri: 
http://finance.yahoo.com/etf/lists/?mod_id=mediaquotesetf&tab=tab5&scol=riskb&stype=desc&rcnt=100&page=11

2014-06-09 19:24:46,442 [9] INFO   
GetETFs is fetching uri: 
http://finance.yahoo.com/etf/lists/?mod_id=mediaquotesetf&tab=tab5&scol=riskb&stype=desc&rcnt=100&page=12

2014-06-09 19:24:47,544 [9] INFO   
GetETFs is fetching uri: 
http://finance.yahoo.com/etf/lists/?mod_id=mediaquotesetf&tab=tab5&scol=riskb&stype=desc&rcnt=100&page=13

2014-06-09 19:24:48,616 [9] INFO   
GetETFs is fetching uri: 
http://finance.yahoo.com/etf/lists/?mod_id=mediaquotesetf&tab=tab5&scol=riskb&stype=desc&rcnt=100&page=14

2014-06-09 19:24:49,704 [9] INFO   
GetETFs is fetching uri: 
http://finance.yahoo.com/etf/lists/?mod_id=mediaquotesetf&tab=tab5&scol=riskb&stype=desc&rcnt=100&page=15

2014-06-09 19:24:50,480 [9] INFO   
GetEtfList has completed. 1413 Items returned. 

2014-06-09 19:24:58,551 [9] INFO   
Data collecting complete...

2014-06-09 19:24:58,553 [9] INFO   
Main's done'...

2014-06-09 19:24:58,556 [9] INFO   
********************************************************************************

