2014-05-23 12:30:17,880 [8] INFO   
********************************************************************************

2014-05-23 12:30:17,970 [8] INFO   
Main's runnin'...

2014-05-23 12:30:20,036 [8] INFO   
Main's done'...

2014-05-23 12:30:20,037 [8] INFO   
********************************************************************************

2014-05-23 16:56:51,934 [10] INFO   
********************************************************************************

2014-05-23 16:56:51,966 [10] INFO   
Main's runnin'...

2014-05-23 17:02:37,444 [10] INFO   
********************************************************************************

2014-05-23 17:02:37,965 [10] INFO   
Main's runnin'...

2014-05-23 17:32:04,682 [9] INFO   
********************************************************************************

2014-05-23 17:32:04,716 [9] INFO   
Main's runnin'...

2014-05-23 19:02:04,051 [9] FATAL  Sucker blew up: System.ArgumentOutOfRangeException: StartIndex cannot be less than zero.
Parameter name: startIndex
   at System.String.InternalSubStringWithChecks(Int32 startIndex, Int32 length, Boolean fAlwaysCopy)
   at System.String.Substring(Int32 startIndex)
   at GetETF.Program.GetTable(String result) in c:\Projects\GetETFs\GetETF\Program.cs:line 75
   at GetETF.Program.Main(String[] args) in c:\Projects\GetETFs\GetETF\Program.cs:line 49
2014-05-23 19:02:04,053 [9] INFO   
Main's done'...

2014-05-23 19:02:04,053 [9] INFO   
********************************************************************************

2014-05-23 19:36:38,799 [9] INFO   
********************************************************************************

2014-05-23 19:36:38,835 [9] INFO   
Main's runnin'...

2014-05-23 19:48:29,273 [8] INFO   
********************************************************************************

2014-05-23 19:48:29,306 [8] INFO   
Main's runnin'...

2014-05-23 19:50:23,130 [8] INFO   
Main's done'...

2014-05-23 19:50:23,131 [8] INFO   
********************************************************************************

