2014-05-24 13:58:48,665 [9] INFO   
GetETFs's completed...

2014-05-24 13:59:40,013 [9] INFO   
GetReturnMkt's runnin...

2014-05-24 13:59:45,179 [9] INFO   
GetETFs's runnin'tab 1...

2014-05-24 14:00:53,134 [9] INFO   
GetETFs's completed...

2014-05-24 14:03:11,173 [9] INFO   
GetReturnNav's runnin...

2014-05-24 14:03:11,176 [9] INFO   
GetETFs's runnin'tab 2...

2014-05-24 14:03:31,040 [9] INFO   
GetETFs's completed...

2014-05-24 14:03:47,915 [9] INFO   
GetReturnNav's runnin...

2014-05-24 14:04:09,228 [9] INFO   
GetETFs's runnin'tab 2...

2014-05-24 14:12:46,350 [10] INFO   
********************************************************************************

2014-05-24 14:12:46,384 [10] INFO   
Main's runnin'...

2014-05-24 14:12:51,973 [10] INFO   
GetReturnNav's runnin...

2014-05-24 14:12:51,978 [10] INFO   
GetETFs's runnin'...

2014-05-24 14:21:53,300 [9] INFO   
********************************************************************************

2014-05-24 14:21:53,332 [9] INFO   
Main's runnin'...

2014-05-24 14:21:55,903 [9] INFO   
GetReturnNav's runnin...

2014-05-24 14:22:09,106 [9] INFO   
GetReturnMkt's completed...

2014-05-24 14:22:23,427 [9] INFO   
GetReturnNav's runnin...

2014-05-24 14:23:40,546 [9] INFO   
GetReturnMkt's completed...

2014-05-24 14:23:54,826 [9] INFO   
GetReturnMkt's runnin...

2014-05-24 14:24:07,883 [9] INFO   
GetReturnMkt's completed...

